#
# There is insufficient memory for the Java Runtime Environment to continue.
# Native memory allocation (malloc) failed to allocate 262160 bytes for Chunk::new
# Possible reasons:
#   The system is out of physical RAM or swap space
#   In 32 bit mode, the process size limit was hit
# Possible solutions:
#   Reduce memory load on the system
#   Increase physical memory or swap space
#   Check if swap backing store is full
#   Use 64 bit Java on a 64 bit OS
#   Decrease Java heap size (-Xmx/-Xms)
#   Decrease number of Java threads
#   Decrease Java thread stack sizes (-Xss)
#   Set larger code cache with -XX:ReservedCodeCacheSize=
# This output file may be truncated or incomplete.
#
#  Out of Memory Error (allocation.cpp:390), pid=9156, tid=0x0000000000001458
#
# JRE version: Java(TM) SE Runtime Environment (8.0_131-b11) (build 1.8.0_131-b11)
# Java VM: Java HotSpot(TM) 64-Bit Server VM (25.131-b11 mixed mode windows-amd64 compressed oops)
# Failed to write core dump. Minidumps are not enabled by default on client versions of Windows
#

---------------  T H R E A D  ---------------

Current thread (0x0000000014dc1800):  JavaThread "C2 CompilerThread0" daemon [_thread_in_native, id=5208, stack(0x0000000016410000,0x0000000016510000)]

Stack: [0x0000000016410000,0x0000000016510000]
[error occurred during error reporting (printing stack bounds), id 0xc0000005]

Native frames: (J=compiled Java code, j=interpreted, Vv=VM code, C=native code)


Current CompileTask:
C2:  53551 3433       4       groovy.lang.MetaClassImpl::checkIfStdMethod (179 bytes)


---------------  P R O C E S S  ---------------

Java Threads: ( => current thread )
  0x0000000019a86800 JavaThread "File lock request listener" [_thread_in_native, id=8840, stack(0x000000001a020000,0x000000001a120000)]
  0x00000000182a9000 JavaThread "pool-1-thread-1" [_thread_blocked, id=3068, stack(0x0000000017610000,0x0000000017710000)]
  0x0000000016720800 JavaThread "Service Thread" daemon [_thread_blocked, id=6160, stack(0x0000000016b10000,0x0000000016c10000)]
  0x0000000014dca800 JavaThread "C1 CompilerThread2" daemon [_thread_in_native, id=7824, stack(0x0000000016610000,0x0000000016710000)]
  0x0000000014dc5000 JavaThread "C2 CompilerThread1" daemon [_thread_in_native, id=4616, stack(0x0000000016510000,0x0000000016610000)]
=>0x0000000014dc1800 JavaThread "C2 CompilerThread0" daemon [_thread_in_native, id=5208, stack(0x0000000016410000,0x0000000016510000)]
  0x0000000014dbd000 JavaThread "Attach Listener" daemon [_thread_blocked, id=8396, stack(0x0000000016310000,0x0000000016410000)]
  0x0000000014dbc000 JavaThread "Signal Dispatcher" daemon [_thread_blocked, id=7292, stack(0x0000000016210000,0x0000000016310000)]
  0x00000000027bb000 JavaThread "Finalizer" daemon [_thread_blocked, id=7140, stack(0x0000000016020000,0x0000000016120000)]
  0x00000000027b0000 JavaThread "Reference Handler" daemon [_thread_blocked, id=1472, stack(0x0000000015f20000,0x0000000016020000)]
  0x00000000026c1000 JavaThread "main" [_thread_in_Java, id=8252, stack(0x00000000025c0000,0x00000000026c0000)]

Other Threads:
  0x0000000014d87800 VMThread [stack: 0x0000000015e20000,0x0000000015f20000] [id=7548]
  0x0000000016763000 WatcherThread [stack: 0x0000000016c10000,0x0000000016d10000] [id=2036]

VM state:not at safepoint (normal execution)

VM Mutex/Monitor currently owned by a thread: None

Heap:
 PSYoungGen      total 75264K, used 9525K [0x00000000eb200000, 0x00000000f1f80000, 0x0000000100000000)
  eden space 69120K, 13% used [0x00000000eb200000,0x00000000ebb4d4a8,0x00000000ef580000)
  from space 6144K, 0% used [0x00000000ef580000,0x00000000ef580000,0x00000000efb80000)
  to   space 6656K, 0% used [0x00000000f1900000,0x00000000f1900000,0x00000000f1f80000)
 ParOldGen       total 33792K, used 18999K [0x00000000c1600000, 0x00000000c3700000, 0x00000000eb200000)
  object space 33792K, 56% used [0x00000000c1600000,0x00000000c288dcd8,0x00000000c3700000)
 Metaspace       used 34645K, capacity 35290K, committed 35624K, reserved 1079296K
  class space    used 4726K, capacity 4928K, committed 4992K, reserved 1048576K

Card table byte_map: [0x0000000011b80000,0x0000000011d80000] byte_map_base: 0x0000000011575000

Marking Bits: (ParMarkBitMap*) 0x0000000071d4c720
 Begin Bits: [0x00000000122d0000, 0x0000000013278000)
 End Bits:   [0x0000000013278000, 0x0000000014220000)

Polling page: 0x0000000000750000

CodeCache: size=245760Kb used=12801Kb max_used=12801Kb free=232958Kb
 bounds [0x00000000027c0000, 0x0000000003450000, 0x00000000117c0000]
 total_blobs=3979 nmethods=3307 adapters=583
 compilation: enabled

Compilation events (10 events):
Event: 53.462 Thread 0x0000000014dca800 nmethod 3483 0x0000000003444f50 code [0x00000000034450e0, 0x0000000003445598]
Event: 53.462 Thread 0x0000000014dca800 3484       3       org.codehaus.groovy.reflection.ClassInfo::access$000 (4 bytes)
Event: 53.462 Thread 0x0000000014dca800 nmethod 3484 0x0000000003445810 code [0x0000000003445960, 0x0000000003445a90]
Event: 53.491 Thread 0x0000000014dca800 3485       3       java.util.regex.Pattern::newSlice (181 bytes)
Event: 53.493 Thread 0x0000000014dca800 nmethod 3485 0x0000000003445b10 code [0x0000000003445de0, 0x0000000003447078]
Event: 53.510 Thread 0x0000000014dca800 3486       3       java.util.LinkedList$ListItr::set (28 bytes)
Event: 53.511 Thread 0x0000000014dca800 nmethod 3486 0x0000000003447b90 code [0x0000000003447d20, 0x0000000003448178]
Event: 53.511 Thread 0x0000000014dca800 3487       1       groovy.lang.MetaClassImpl::isModified (2 bytes)
Event: 53.511 Thread 0x0000000014dca800 nmethod 3487 0x0000000003448390 code [0x00000000034484e0, 0x00000000034485f0]
Event: 53.528 Thread 0x0000000014dca800 3488       3       groovy.lang.MetaClassImpl::applyStrayPropertyMethods (297 bytes)

GC Heap History (10 events):
Event: 40.547 GC heap before
{Heap before GC invocations=11 (full 1):
 PSYoungGen      total 39424K, used 36317K [0x00000000eb200000, 0x00000000eee00000, 0x0000000100000000)
  eden space 32768K, 100% used [0x00000000eb200000,0x00000000ed200000,0x00000000ed200000)
  from space 6656K, 53% used [0x00000000ed200000,0x00000000ed577640,0x00000000ed880000)
  to   space 6656K, 0% used [0x00000000ee780000,0x00000000ee780000,0x00000000eee00000)
 ParOldGen       total 33792K, used 10312K [0x00000000c1600000, 0x00000000c3700000, 0x00000000eb200000)
  object space 33792K, 30% used [0x00000000c1600000,0x00000000c20123c0,0x00000000c3700000)
 Metaspace       used 26623K, capacity 27030K, committed 27264K, reserved 1073152K
  class space    used 3717K, capacity 3887K, committed 3968K, reserved 1048576K
Event: 40.560 GC heap after
Heap after GC invocations=11 (full 1):
 PSYoungGen      total 53760K, used 4135K [0x00000000eb200000, 0x00000000eed00000, 0x0000000100000000)
  eden space 48128K, 0% used [0x00000000eb200000,0x00000000eb200000,0x00000000ee100000)
  from space 5632K, 73% used [0x00000000ee780000,0x00000000eeb89dd8,0x00000000eed00000)
  to   space 6144K, 0% used [0x00000000ee100000,0x00000000ee100000,0x00000000ee700000)
 ParOldGen       total 33792K, used 10320K [0x00000000c1600000, 0x00000000c3700000, 0x00000000eb200000)
  object space 33792K, 30% used [0x00000000c1600000,0x00000000c20143c0,0x00000000c3700000)
 Metaspace       used 26623K, capacity 27030K, committed 27264K, reserved 1073152K
  class space    used 3717K, capacity 3887K, committed 3968K, reserved 1048576K
}
Event: 49.215 GC heap before
{Heap before GC invocations=12 (full 1):
 PSYoungGen      total 53760K, used 52263K [0x00000000eb200000, 0x00000000eed00000, 0x0000000100000000)
  eden space 48128K, 100% used [0x00000000eb200000,0x00000000ee100000,0x00000000ee100000)
  from space 5632K, 73% used [0x00000000ee780000,0x00000000eeb89dd8,0x00000000eed00000)
  to   space 6144K, 0% used [0x00000000ee100000,0x00000000ee100000,0x00000000ee700000)
 ParOldGen       total 33792K, used 10320K [0x00000000c1600000, 0x00000000c3700000, 0x00000000eb200000)
  object space 33792K, 30% used [0x00000000c1600000,0x00000000c20143c0,0x00000000c3700000)
 Metaspace       used 29728K, capacity 30278K, committed 30720K, reserved 1075200K
  class space    used 4075K, capacity 4248K, committed 4352K, reserved 1048576K
Event: 49.234 GC heap after
Heap after GC invocations=12 (full 1):
 PSYoungGen      total 54272K, used 4691K [0x00000000eb200000, 0x00000000f0180000, 0x0000000100000000)
  eden space 48128K, 0% used [0x00000000eb200000,0x00000000eb200000,0x00000000ee100000)
  from space 6144K, 76% used [0x00000000ee100000,0x00000000ee594d88,0x00000000ee700000)
  to   space 6144K, 0% used [0x00000000efb80000,0x00000000efb80000,0x00000000f0180000)
 ParOldGen       total 33792K, used 12257K [0x00000000c1600000, 0x00000000c3700000, 0x00000000eb200000)
  object space 33792K, 36% used [0x00000000c1600000,0x00000000c21f87f0,0x00000000c3700000)
 Metaspace       used 29728K, capacity 30278K, committed 30720K, reserved 1075200K
  class space    used 4075K, capacity 4248K, committed 4352K, reserved 1048576K
}
Event: 51.558 GC heap before
{Heap before GC invocations=13 (full 1):
 PSYoungGen      total 54272K, used 52819K [0x00000000eb200000, 0x00000000f0180000, 0x0000000100000000)
  eden space 48128K, 100% used [0x00000000eb200000,0x00000000ee100000,0x00000000ee100000)
  from space 6144K, 76% used [0x00000000ee100000,0x00000000ee594d88,0x00000000ee700000)
  to   space 6144K, 0% used [0x00000000efb80000,0x00000000efb80000,0x00000000f0180000)
 ParOldGen       total 33792K, used 12257K [0x00000000c1600000, 0x00000000c3700000, 0x00000000eb200000)
  object space 33792K, 36% used [0x00000000c1600000,0x00000000c21f87f0,0x00000000c3700000)
 Metaspace       used 32191K, capacity 32674K, committed 33024K, reserved 1077248K
  class space    used 4412K, capacity 4574K, committed 4608K, reserved 1048576K
Event: 51.582 GC heap after
Heap after GC invocations=13 (full 1):
 PSYoungGen      total 75264K, used 3949K [0x00000000eb200000, 0x00000000f0180000, 0x0000000100000000)
  eden space 69120K, 0% used [0x00000000eb200000,0x00000000eb200000,0x00000000ef580000)
  from space 6144K, 64% used [0x00000000efb80000,0x00000000eff5b488,0x00000000f0180000)
  to   space 6144K, 0% used [0x00000000ef580000,0x00000000ef580000,0x00000000efb80000)
 ParOldGen       total 33792K, used 14580K [0x00000000c1600000, 0x00000000c3700000, 0x00000000eb200000)
  object space 33792K, 43% used [0x00000000c1600000,0x00000000c243d268,0x00000000c3700000)
 Metaspace       used 32191K, capacity 32674K, committed 33024K, reserved 1077248K
  class space    used 4412K, capacity 4574K, committed 4608K, reserved 1048576K
}
Event: 53.225 GC heap before
{Heap before GC invocations=14 (full 1):
 PSYoungGen      total 75264K, used 43402K [0x00000000eb200000, 0x00000000f0180000, 0x0000000100000000)
  eden space 69120K, 57% used [0x00000000eb200000,0x00000000ed887650,0x00000000ef580000)
  from space 6144K, 64% used [0x00000000efb80000,0x00000000eff5b488,0x00000000f0180000)
  to   space 6144K, 0% used [0x00000000ef580000,0x00000000ef580000,0x00000000efb80000)
 ParOldGen       total 33792K, used 14580K [0x00000000c1600000, 0x00000000c3700000, 0x00000000eb200000)
  object space 33792K, 43% used [0x00000000c1600000,0x00000000c243d268,0x00000000c3700000)
 Metaspace       used 34572K, capacity 35156K, committed 35496K, reserved 1079296K
  class space    used 4712K, capacity 4862K, committed 4864K, reserved 1048576K
Event: 53.243 GC heap after
Heap after GC invocations=14 (full 1):
 PSYoungGen      total 75264K, used 5916K [0x00000000eb200000, 0x00000000f1f80000, 0x0000000100000000)
  eden space 69120K, 0% used [0x00000000eb200000,0x00000000eb200000,0x00000000ef580000)
  from space 6144K, 96% used [0x00000000ef580000,0x00000000efb47378,0x00000000efb80000)
  to   space 6656K, 0% used [0x00000000f1900000,0x00000000f1900000,0x00000000f1f80000)
 ParOldGen       total 33792K, used 16444K [0x00000000c1600000, 0x00000000c3700000, 0x00000000eb200000)
  object space 33792K, 48% used [0x00000000c1600000,0x00000000c260f268,0x00000000c3700000)
 Metaspace       used 34572K, capacity 35156K, committed 35496K, reserved 1079296K
  class space    used 4712K, capacity 4862K, committed 4864K, reserved 1048576K
}
Event: 53.243 GC heap before
{Heap before GC invocations=15 (full 2):
 PSYoungGen      total 75264K, used 5916K [0x00000000eb200000, 0x00000000f1f80000, 0x0000000100000000)
  eden space 69120K, 0% used [0x00000000eb200000,0x00000000eb200000,0x00000000ef580000)
  from space 6144K, 96% used [0x00000000ef580000,0x00000000efb47378,0x00000000efb80000)
  to   space 6656K, 0% used [0x00000000f1900000,0x00000000f1900000,0x00000000f1f80000)
 ParOldGen       total 33792K, used 16444K [0x00000000c1600000, 0x00000000c3700000, 0x00000000eb200000)
  object space 33792K, 48% used [0x00000000c1600000,0x00000000c260f268,0x00000000c3700000)
 Metaspace       used 34572K, capacity 35156K, committed 35496K, reserved 1079296K
  class space    used 4712K, capacity 4862K, committed 4864K, reserved 1048576K
Event: 53.403 GC heap after
Heap after GC invocations=15 (full 2):
 PSYoungGen      total 75264K, used 0K [0x00000000eb200000, 0x00000000f1f80000, 0x0000000100000000)
  eden space 69120K, 0% used [0x00000000eb200000,0x00000000eb200000,0x00000000ef580000)
  from space 6144K, 0% used [0x00000000ef580000,0x00000000ef580000,0x00000000efb80000)
  to   space 6656K, 0% used [0x00000000f1900000,0x00000000f1900000,0x00000000f1f80000)
 ParOldGen       total 33792K, used 18999K [0x00000000c1600000, 0x00000000c3700000, 0x00000000eb200000)
  object space 33792K, 56% used [0x00000000c1600000,0x00000000c288dcd8,0x00000000c3700000)
 Metaspace       used 34572K, capacity 35156K, committed 35496K, reserved 1079296K
  class space    used 4712K, capacity 4862K, committed 4864K, reserved 1048576K
}

Deoptimization events (10 events):
Event: 52.078 Thread 0x00000000026c1000 Uncommon trap: reason=bimorphic action=maybe_recompile pc=0x0000000002f1fb48 method=java.util.regex.Pattern$Start.match(Ljava/util/regex/Matcher;ILjava/lang/CharSequence;)Z @ 44
Event: 52.275 Thread 0x00000000026c1000 Uncommon trap: reason=unstable_if action=reinterpret pc=0x0000000002bb1dfc method=java.lang.CharacterDataLatin1.isWhitespace(I)Z @ 14
Event: 52.392 Thread 0x00000000026c1000 Uncommon trap: reason=unstable_if action=reinterpret pc=0x00000000031b3f6c method=java.util.jar.JarFile.getInputStream(Ljava/util/zip/ZipEntry;)Ljava/io/InputStream; @ 37
Event: 52.395 Thread 0x00000000026c1000 Uncommon trap: reason=unstable_if action=reinterpret pc=0x0000000002e4e0ec method=java.security.CodeSource.getCertificates()[Ljava/security/cert/Certificate; @ 22
Event: 52.396 Thread 0x00000000026c1000 Uncommon trap: reason=unstable_if action=reinterpret pc=0x0000000003190524 method=java.util.jar.JarFile.getInputStream(Ljava/util/zip/ZipEntry;)Ljava/io/InputStream; @ 21
Event: 52.396 Thread 0x00000000026c1000 Uncommon trap: reason=class_check action=maybe_recompile pc=0x00000000030c1804 method=sun.security.provider.DigestBase.engineUpdate([BII)V @ 128
Event: 52.465 Thread 0x00000000026c1000 Uncommon trap: reason=unstable_if action=reinterpret pc=0x0000000002f794fc method=java.util.LinkedHashMap.get(Ljava/lang/Object;)Ljava/lang/Object; @ 20
Event: 52.582 Thread 0x00000000026c1000 Uncommon trap: reason=class_check action=maybe_recompile pc=0x00000000030c1804 method=sun.security.provider.DigestBase.engineUpdate([BII)V @ 128
Event: 52.587 Thread 0x00000000026c1000 Uncommon trap: reason=class_check action=maybe_recompile pc=0x00000000030c1804 method=sun.security.provider.DigestBase.engineUpdate([BII)V @ 128
Event: 53.101 Thread 0x00000000026c1000 Uncommon trap: reason=unstable_if action=reinterpret pc=0x0000000003167a0c method=org.codehaus.groovy.reflection.CachedMethod.compareToMethod(Ljava/lang/reflect/Method;)I @ 111

Internal exceptions (10 events):
Event: 53.516 Thread 0x00000000026c1000 Exception <a 'java/lang/ClassNotFoundException': java/lang/IterableBeanInfo> (0x00000000eb8e55b0) thrown at [C:\re\workspace\8-2-build-windows-amd64-cygwin\jdk8u131\8869\hotspot\src\share\vm\classfile\systemDictionary.cpp, line 210]
Event: 53.516 Thread 0x00000000026c1000 Exception <a 'java/lang/ClassNotFoundException': java/lang/IterableCustomizer> (0x00000000eb8ecd18) thrown at [C:\re\workspace\8-2-build-windows-amd64-cygwin\jdk8u131\8869\hotspot\src\share\vm\classfile\systemDictionary.cpp, line 210]
Event: 53.518 Thread 0x00000000026c1000 Exception <a 'java/lang/ClassNotFoundException': org/gradle/api/tasks/AntBuilderAwareBeanInfo> (0x00000000eb91dd78) thrown at [C:\re\workspace\8-2-build-windows-amd64-cygwin\jdk8u131\8869\hotspot\src\share\vm\classfile\systemDictionary.cpp, line 210]
Event: 53.520 Thread 0x00000000026c1000 Exception <a 'java/lang/ClassNotFoundException': org/gradle/api/tasks/AntBuilderAwareCustomizer> (0x00000000eb940750) thrown at [C:\re\workspace\8-2-build-windows-amd64-cygwin\jdk8u131\8869\hotspot\src\share\vm\classfile\systemDictionary.cpp, line 210]
Event: 53.522 Thread 0x00000000026c1000 Exception <a 'java/lang/ClassNotFoundException': org/gradle/api/BuildableBeanInfo> (0x00000000eb968c70) thrown at [C:\re\workspace\8-2-build-windows-amd64-cygwin\jdk8u131\8869\hotspot\src\share\vm\classfile\systemDictionary.cpp, line 210]
Event: 53.523 Thread 0x00000000026c1000 Exception <a 'java/lang/ClassNotFoundException': org/gradle/api/BuildableCustomizer> (0x00000000eb985840) thrown at [C:\re\workspace\8-2-build-windows-amd64-cygwin\jdk8u131\8869\hotspot\src\share\vm\classfile\systemDictionary.cpp, line 210]
Event: 53.524 Thread 0x00000000026c1000 Exception <a 'java/lang/ClassNotFoundException': org/gradle/api/internal/file/collections/FileCollectionContainerBeanInfo> (0x00000000eb9c3450) thrown at [C:\re\workspace\8-2-build-windows-amd64-cygwin\jdk8u131\8869\hotspot\src\share\vm\classfile\systemDi
Event: 53.525 Thread 0x00000000026c1000 Exception <a 'java/lang/ClassNotFoundException': org/gradle/api/internal/file/collections/FileCollectionContainerCustomizer> (0x00000000eb9f1ad8) thrown at [C:\re\workspace\8-2-build-windows-amd64-cygwin\jdk8u131\8869\hotspot\src\share\vm\classfile\system
Event: 53.527 Thread 0x00000000026c1000 Exception <a 'java/lang/ClassNotFoundException': org/gradle/api/internal/tasks/TaskDependencyContainerBeanInfo> (0x00000000eba2a488) thrown at [C:\re\workspace\8-2-build-windows-amd64-cygwin\jdk8u131\8869\hotspot\src\share\vm\classfile\systemDictionary.cp
Event: 53.528 Thread 0x00000000026c1000 Exception <a 'java/lang/ClassNotFoundException': org/gradle/api/internal/tasks/TaskDependencyContainerCustomizer> (0x00000000eba548b0) thrown at [C:\re\workspace\8-2-build-windows-amd64-cygwin\jdk8u131\8869\hotspot\src\share\vm\classfile\systemDictionary.

Events (10 events):
Event: 53.527 loading class org/gradle/api/internal/tasks/TaskDependencyContainerCustomizer
Event: 53.527 loading class org/gradle/api/internal/tasks/TaskDependencyContainerCustomizer done
Event: 53.527 loading class org/gradle/api/internal/tasks/TaskDependencyContainerCustomizer
Event: 53.527 loading class org/gradle/api/internal/tasks/TaskDependencyContainerCustomizer done
Event: 53.527 loading class org/gradle/api/internal/tasks/TaskDependencyContainerCustomizer
Event: 53.527 loading class org/gradle/api/internal/tasks/TaskDependencyContainerCustomizer done
Event: 53.528 loading class org/gradle/api/internal/tasks/TaskDependencyContainerCustomizer
Event: 53.528 loading class org/gradle/api/internal/tasks/TaskDependencyContainerCustomizer done
Event: 53.530 loading class groovy/runtime/metaclass/org/gradle/api/internal/file/FileTreeInternalMetaClass
Event: 53.530 loading class groovy/runtime/metaclass/org/gradle/api/internal/file/FileTreeInternalMetaClass done


Dynamic libraries:
0x00007ff6972b0000 - 0x00007ff6972e7000 	C:\Program Files\Java\jdk1.8.0_131\bin\java.exe
0x00007ffbaf190000 - 0x00007ffbaf361000 	C:\WINDOWS\SYSTEM32\ntdll.dll
0x00007ffbae990000 - 0x00007ffbaea3c000 	C:\WINDOWS\System32\KERNEL32.DLL
0x00007ffbac2a0000 - 0x00007ffbac4bd000 	C:\WINDOWS\System32\KERNELBASE.dll
0x00007ffbae080000 - 0x00007ffbae122000 	C:\WINDOWS\System32\ADVAPI32.dll
0x00007ffbaeba0000 - 0x00007ffbaec3e000 	C:\WINDOWS\System32\msvcrt.dll
0x00007ffbaed30000 - 0x00007ffbaed89000 	C:\WINDOWS\System32\sechost.dll
0x00007ffbaf000000 - 0x00007ffbaf121000 	C:\WINDOWS\System32\RPCRT4.dll
0x00007ffbaee30000 - 0x00007ffbaef95000 	C:\WINDOWS\System32\USER32.dll
0x00007ffbac280000 - 0x00007ffbac29e000 	C:\WINDOWS\System32\win32u.dll
0x00007ffbaecf0000 - 0x00007ffbaed24000 	C:\WINDOWS\System32\GDI32.dll
0x00007ffbab7a0000 - 0x00007ffbab922000 	C:\WINDOWS\System32\gdi32full.dll
0x00007ffb9d8a0000 - 0x00007ffb9db1a000 	C:\WINDOWS\WinSxS\amd64_microsoft.windows.common-controls_6595b64144ccf1df_6.0.14393.953_none_42151e83c686086b\COMCTL32.dll
0x00007ffbae640000 - 0x00007ffbae908000 	C:\WINDOWS\System32\combase.dll
0x00007ffbac520000 - 0x00007ffbac615000 	C:\WINDOWS\System32\ucrtbase.dll
0x00007ffbab680000 - 0x00007ffbab6ea000 	C:\WINDOWS\System32\bcryptPrimitives.dll
0x00007ffbaee00000 - 0x00007ffbaee2e000 	C:\WINDOWS\System32\IMM32.DLL
0x0000000071dd0000 - 0x0000000071ea2000 	C:\Program Files\Java\jdk1.8.0_131\jre\bin\msvcr100.dll
0x0000000071530000 - 0x0000000071dcc000 	C:\Program Files\Java\jdk1.8.0_131\jre\bin\server\jvm.dll
0x00007ffbae980000 - 0x00007ffbae988000 	C:\WINDOWS\System32\PSAPI.DLL
0x00007ffba9b30000 - 0x00007ffba9b3a000 	C:\WINDOWS\SYSTEM32\VERSION.dll
0x00007ffba8fb0000 - 0x00007ffba8fd3000 	C:\WINDOWS\SYSTEM32\WINMM.dll
0x00007ffba9ed0000 - 0x00007ffba9ed9000 	C:\WINDOWS\SYSTEM32\WSOCK32.dll
0x0000000000720000 - 0x000000000074b000 	C:\WINDOWS\SYSTEM32\WINMMBASE.dll
0x00007ffbac6d0000 - 0x00007ffbac712000 	C:\WINDOWS\System32\cfgmgr32.dll
0x00007ffbae910000 - 0x00007ffbae97a000 	C:\WINDOWS\System32\WS2_32.dll
0x0000000071520000 - 0x000000007152f000 	C:\Program Files\Java\jdk1.8.0_131\jre\bin\verify.dll
0x00000000714f0000 - 0x0000000071519000 	C:\Program Files\Java\jdk1.8.0_131\jre\bin\java.dll
0x00000000714d0000 - 0x00000000714e6000 	C:\Program Files\Java\jdk1.8.0_131\jre\bin\zip.dll
0x00007ffbacb00000 - 0x00007ffbae008000 	C:\WINDOWS\System32\SHELL32.dll
0x00007ffbab930000 - 0x00007ffbac00a000 	C:\WINDOWS\System32\windows.storage.dll
0x00007ffbab610000 - 0x00007ffbab65c000 	C:\WINDOWS\System32\powrprof.dll
0x00007ffbaefa0000 - 0x00007ffbaeff2000 	C:\WINDOWS\System32\shlwapi.dll
0x00007ffbab670000 - 0x00007ffbab67f000 	C:\WINDOWS\System32\kernel.appcore.dll
0x00007ffbab6f0000 - 0x00007ffbab799000 	C:\WINDOWS\System32\shcore.dll
0x00007ffbab5f0000 - 0x00007ffbab604000 	C:\WINDOWS\System32\profapi.dll
0x00000000714b0000 - 0x00000000714ca000 	C:\Program Files\Java\jdk1.8.0_131\jre\bin\net.dll
0x00007ffbaabc0000 - 0x00007ffbaac1c000 	C:\WINDOWS\system32\mswsock.dll
0x0000000071490000 - 0x00000000714a1000 	C:\Program Files\Java\jdk1.8.0_131\jre\bin\nio.dll
0x00007ffb9ec10000 - 0x00007ffb9ec22000 	C:\Users\vijaya\.gradle\native\19\windows-amd64\native-platform.dll
0x0000000180000000 - 0x0000000180037000 	C:\Users\vijaya\.gradle\native\jna\win32-amd64\jnidispatch.dll
0x00007ffbab190000 - 0x00007ffbab1a7000 	C:\WINDOWS\SYSTEM32\CRYPTSP.dll
0x00007ffbaa7c0000 - 0x00007ffbaa7f3000 	C:\WINDOWS\system32\rsaenh.dll
0x00007ffbab530000 - 0x00007ffbab55b000 	C:\WINDOWS\SYSTEM32\bcrypt.dll
0x00007ffbaaa40000 - 0x00007ffbaaa5f000 	C:\WINDOWS\SYSTEM32\USERENV.dll
0x00007ffbab520000 - 0x00007ffbab52b000 	C:\WINDOWS\SYSTEM32\CRYPTBASE.dll
0x00007ffbaa940000 - 0x00007ffbaa978000 	C:\WINDOWS\SYSTEM32\IPHLPAPI.DLL
0x00007ffbaedf0000 - 0x00007ffbaedf8000 	C:\WINDOWS\System32\NSI.dll
0x00007ffba19e0000 - 0x00007ffba19f6000 	C:\WINDOWS\SYSTEM32\dhcpcsvc6.DLL
0x00007ffba19c0000 - 0x00007ffba19da000 	C:\WINDOWS\SYSTEM32\dhcpcsvc.DLL
0x0000000071480000 - 0x000000007148d000 	C:\Program Files\Java\jdk1.8.0_131\jre\bin\management.dll

VM Arguments:
jvm_args: -Dorg.gradle.appname=gradlew 
java_command: org.gradle.wrapper.GradleWrapperMain installDebug
java_class_path (initial): c:\rnhelloworld\android\\gradle\wrapper\gradle-wrapper.jar
Launcher Type: SUN_STANDARD

Environment Variables:
JAVA_HOME=C:\Program Files\Java\jdk1.8.0_131
CLASSPATH=c:\rnhelloworld\android\\gradle\wrapper\gradle-wrapper.jar
PATH=C:\Python27\;C:\Python27\Scripts;C:\Program Files\Dell\DW WLAN Card;;C:\Python27;C:\Program Files (x86)\Intel\iCLS Client\;C:\Program Files\Intel\iCLS Client\;C:\WINDOWS\system32;C:\WINDOWS;C:\WINDOWS\System32\Wbem;C:\WINDOWS\System32\WindowsPowerShell\v1.0\;C:\Program Files\WIDCOMM\Bluetooth Software\;C:\Program Files\WIDCOMM\Bluetooth Software\syswow64;C:\Program Files\Intel\Intel(R) Management Engine Components\DAL;C:\Program Files (x86)\Intel\Intel(R) Management Engine Components\DAL;C:\Program Files\Intel\Intel(R) Management Engine Components\IPT;C:\Program Files (x86)\Intel\Intel(R) Management Engine Components\IPT;C:\Program Files (x86)\Git\cmd;C:\Program Files (x86)\Git\bin;C:\ProgramData\chocolatey\bin;C:\Program Files\nodejs\;C:\Program Files\Java\jdk1.8.0_131\bin;C:\Users\vijaya\AppData\Local\Microsoft\WindowsApps;;c:\Users\vijaya\AppData\Roaming\npm
USERNAME=vijaya
OS=Windows_NT
PROCESSOR_IDENTIFIER=Intel64 Family 6 Model 61 Stepping 4, GenuineIntel



---------------  S Y S T E M  ---------------

OS: Windows 10.0 , 64 bit Build 14393 (10.0.14393.1198)

CPU:total 4 (initial active 4) (2 cores per cpu, 2 threads per core) family 6 model 61 stepping 4, cmov, cx8, fxsr, mmx, sse, sse2, sse3, ssse3, sse4.1, sse4.2, popcnt, avx, avx2, aes, clmul, erms, 3dnowpref, lzcnt, ht, tsc, tscinvbit, bmi1, bmi2, adx

Memory: 4k page, physical 4096808k(354552k free), swap 7459140k(6900k free)

vm_info: Java HotSpot(TM) 64-Bit Server VM (25.131-b11) for windows-amd64 JRE (1.8.0_131-b11), built on Mar 15 2017 01:23:53 by "java_re" with MS VC++ 10.0 (VS2010)

time: Thu Jun 01 12:44:54 2017
elapsed time: 53 seconds (0d 0h 0m 53s)

