#
# There is insufficient memory for the Java Runtime Environment to continue.
# Native memory allocation (malloc) failed to allocate 32744 bytes for ChunkPool::allocate
# Possible reasons:
#   The system is out of physical RAM or swap space
#   In 32 bit mode, the process size limit was hit
# Possible solutions:
#   Reduce memory load on the system
#   Increase physical memory or swap space
#   Check if swap backing store is full
#   Use 64 bit Java on a 64 bit OS
#   Decrease Java heap size (-Xmx/-Xms)
#   Decrease number of Java threads
#   Decrease Java thread stack sizes (-Xss)
#   Set larger code cache with -XX:ReservedCodeCacheSize=
# This output file may be truncated or incomplete.
#
#  Out of Memory Error (allocation.cpp:273), pid=364, tid=0x0000000000001bc0
#
# JRE version: Java(TM) SE Runtime Environment (8.0_131-b11) (build 1.8.0_131-b11)
# Java VM: Java HotSpot(TM) 64-Bit Server VM (25.131-b11 mixed mode windows-amd64 compressed oops)
# Failed to write core dump. Minidumps are not enabled by default on client versions of Windows
#

---------------  T H R E A D  ---------------

Current thread (0x000000001548e800):  JavaThread "C2 CompilerThread0" daemon [_thread_in_native, id=7104, stack(0x00000000169e0000,0x0000000016ae0000)]

Stack: [0x00000000169e0000,0x0000000016ae0000]
[error occurred during error reporting (printing stack bounds), id 0xc0000005]

Native frames: (J=compiled Java code, j=interpreted, Vv=VM code, C=native code)


Current CompileTask:
C2:  41830 2521       4       java.net.URLClassLoader$1::run (5 bytes)


---------------  P R O C E S S  ---------------

Java Threads: ( => current thread )
  0x000000001df89000 JavaThread "File lock request listener" [_thread_in_native, id=4964, stack(0x000000001a510000,0x000000001a610000)]
  0x0000000018513800 JavaThread "pool-1-thread-1" [_thread_blocked, id=8076, stack(0x0000000017ae0000,0x0000000017be0000)]
  0x0000000016cf8800 JavaThread "Service Thread" daemon [_thread_blocked, id=7224, stack(0x00000000170e0000,0x00000000171e0000)]
  0x00000000154a1800 JavaThread "C1 CompilerThread2" daemon [_thread_blocked, id=9184, stack(0x0000000016be0000,0x0000000016ce0000)]
  0x000000001549b800 JavaThread "C2 CompilerThread1" daemon [_thread_in_native, id=204, stack(0x0000000016ae0000,0x0000000016be0000)]
=>0x000000001548e800 JavaThread "C2 CompilerThread0" daemon [_thread_in_native, id=7104, stack(0x00000000169e0000,0x0000000016ae0000)]
  0x000000001548d000 JavaThread "Attach Listener" daemon [_thread_blocked, id=8060, stack(0x00000000168e0000,0x00000000169e0000)]
  0x000000001548b800 JavaThread "Signal Dispatcher" daemon [_thread_blocked, id=9192, stack(0x00000000167e0000,0x00000000168e0000)]
  0x0000000002d8b800 JavaThread "Finalizer" daemon [_thread_blocked, id=6120, stack(0x00000000166e0000,0x00000000167e0000)]
  0x0000000015459800 JavaThread "Reference Handler" daemon [_thread_blocked, id=8256, stack(0x00000000165e0000,0x00000000166e0000)]
  0x0000000002c91000 JavaThread "main" [_thread_in_native, id=4880, stack(0x0000000002ac0000,0x0000000002bc0000)]

Other Threads:
  0x0000000015456800 VMThread [stack: 0x00000000164e0000,0x00000000165e0000] [id=9040]
  0x00000000154ee800 WatcherThread [stack: 0x00000000171e0000,0x00000000172e0000] [id=8932]

VM state:not at safepoint (normal execution)

VM Mutex/Monitor currently owned by a thread: None

Heap:
 PSYoungGen      total 55808K, used 50994K [0x00000000eb200000, 0x00000000eee80000, 0x0000000100000000)
  eden space 49664K, 93% used [0x00000000eb200000,0x00000000edf31a80,0x00000000ee280000)
  from space 6144K, 76% used [0x00000000ee280000,0x00000000ee71b0f0,0x00000000ee880000)
  to   space 5120K, 0% used [0x00000000ee980000,0x00000000ee980000,0x00000000eee80000)
 ParOldGen       total 32256K, used 10576K [0x00000000c1600000, 0x00000000c3580000, 0x00000000eb200000)
  object space 32256K, 32% used [0x00000000c1600000,0x00000000c20540f0,0x00000000c3580000)
 Metaspace       used 31860K, capacity 32380K, committed 32768K, reserved 1077248K
  class space    used 4376K, capacity 4541K, committed 4608K, reserved 1048576K

Card table byte_map: [0x0000000012250000,0x0000000012450000] byte_map_base: 0x0000000011c45000

Marking Bits: (ParMarkBitMap*) 0x0000000071d4c720
 Begin Bits: [0x00000000129a0000, 0x0000000013948000)
 End Bits:   [0x0000000013948000, 0x00000000148f0000)

Polling page: 0x0000000000f40000

CodeCache: size=245760Kb used=10091Kb max_used=10091Kb free=235668Kb
 bounds [0x0000000002e90000, 0x0000000003870000, 0x0000000011e90000]
 total_blobs=3566 nmethods=2904 adapters=574
 compilation: enabled

Compilation events (10 events):
Event: 41.771 Thread 0x00000000154a1800 3067       2       sun.misc.ProxyGenerator$MethodInfo::<init> (86 bytes)
Event: 41.773 Thread 0x00000000154a1800 nmethod 3067 0x000000000386d290 code [0x000000000386d460, 0x000000000386d988]
Event: 41.773 Thread 0x00000000154a1800 3069       2       sun.misc.ProxyGenerator::getFieldType (65 bytes)
Event: 41.775 Thread 0x00000000154a1800 nmethod 3069 0x000000000386dd90 code [0x000000000386df80, 0x000000000386e4a8]
Event: 41.811 Thread 0x00000000154a1800 3070       2       com.google.common.collect.LinkedHashMultimap::access$200 (6 bytes)
Event: 41.812 Thread 0x00000000154a1800 nmethod 3070 0x000000000386e810 code [0x000000000386e980, 0x000000000386eb18]
Event: 41.812 Thread 0x00000000154a1800 3071       2       com.google.common.collect.LinkedHashMultimap::succeedsInValueSet (15 bytes)
Event: 41.812 Thread 0x00000000154a1800 nmethod 3071 0x000000000386ec10 code [0x000000000386ed80, 0x000000000386ef18]
Event: 41.812 Thread 0x00000000154a1800 3072       1       com.google.common.collect.LinkedHashMultimap$ValueEntry::getPredecessorInMultimap (5 bytes)
Event: 41.812 Thread 0x00000000154a1800 nmethod 3072 0x000000000386efd0 code [0x000000000386f120, 0x000000000386f230]

GC Heap History (10 events):
Event: 31.053 GC heap before
{Heap before GC invocations=8 (full 0):
 PSYoungGen      total 23040K, used 20421K [0x00000000eb200000, 0x00000000edf00000, 0x0000000100000000)
  eden space 16384K, 95% used [0x00000000eb200000,0x00000000ec14a2e8,0x00000000ec200000)
  from space 6656K, 71% used [0x00000000ec200000,0x00000000ec6a74e0,0x00000000ec880000)
  to   space 6656K, 0% used [0x00000000ed880000,0x00000000ed880000,0x00000000edf00000)
 ParOldGen       total 44032K, used 8841K [0x00000000c1600000, 0x00000000c4100000, 0x00000000eb200000)
  object space 44032K, 20% used [0x00000000c1600000,0x00000000c1ea2400,0x00000000c4100000)
 Metaspace       used 20906K, capacity 21166K, committed 21296K, reserved 1067008K
  class space    used 2870K, capacity 2934K, committed 2944K, reserved 1048576K
Event: 31.072 GC heap after
Heap after GC invocations=8 (full 0):
 PSYoungGen      total 39424K, used 4912K [0x00000000eb200000, 0x00000000edf00000, 0x0000000100000000)
  eden space 32768K, 0% used [0x00000000eb200000,0x00000000eb200000,0x00000000ed200000)
  from space 6656K, 73% used [0x00000000ed880000,0x00000000edd4c0e0,0x00000000edf00000)
  to   space 6656K, 0% used [0x00000000ed200000,0x00000000ed200000,0x00000000ed880000)
 ParOldGen       total 44032K, used 9547K [0x00000000c1600000, 0x00000000c4100000, 0x00000000eb200000)
  object space 44032K, 21% used [0x00000000c1600000,0x00000000c1f52e08,0x00000000c4100000)
 Metaspace       used 20906K, capacity 21166K, committed 21296K, reserved 1067008K
  class space    used 2870K, capacity 2934K, committed 2944K, reserved 1048576K
}
Event: 31.072 GC heap before
{Heap before GC invocations=9 (full 1):
 PSYoungGen      total 39424K, used 4912K [0x00000000eb200000, 0x00000000edf00000, 0x0000000100000000)
  eden space 32768K, 0% used [0x00000000eb200000,0x00000000eb200000,0x00000000ed200000)
  from space 6656K, 73% used [0x00000000ed880000,0x00000000edd4c0e0,0x00000000edf00000)
  to   space 6656K, 0% used [0x00000000ed200000,0x00000000ed200000,0x00000000ed880000)
 ParOldGen       total 44032K, used 9547K [0x00000000c1600000, 0x00000000c4100000, 0x00000000eb200000)
  object space 44032K, 21% used [0x00000000c1600000,0x00000000c1f52e08,0x00000000c4100000)
 Metaspace       used 20906K, capacity 21166K, committed 21296K, reserved 1067008K
  class space    used 2870K, capacity 2934K, committed 2944K, reserved 1048576K
Event: 31.180 GC heap after
Heap after GC invocations=9 (full 1):
 PSYoungGen      total 39424K, used 0K [0x00000000eb200000, 0x00000000edf00000, 0x0000000100000000)
  eden space 32768K, 0% used [0x00000000eb200000,0x00000000eb200000,0x00000000ed200000)
  from space 6656K, 0% used [0x00000000ed880000,0x00000000ed880000,0x00000000edf00000)
  to   space 6656K, 0% used [0x00000000ed200000,0x00000000ed200000,0x00000000ed880000)
 ParOldGen       total 32256K, used 8620K [0x00000000c1600000, 0x00000000c3580000, 0x00000000eb200000)
  object space 32256K, 26% used [0x00000000c1600000,0x00000000c1e6b0d0,0x00000000c3580000)
 Metaspace       used 20906K, capacity 21166K, committed 21296K, reserved 1067008K
  class space    used 2870K, capacity 2934K, committed 2944K, reserved 1048576K
}
Event: 32.381 GC heap before
{Heap before GC invocations=10 (full 1):
 PSYoungGen      total 39424K, used 32768K [0x00000000eb200000, 0x00000000edf00000, 0x0000000100000000)
  eden space 32768K, 100% used [0x00000000eb200000,0x00000000ed200000,0x00000000ed200000)
  from space 6656K, 0% used [0x00000000ed880000,0x00000000ed880000,0x00000000edf00000)
  to   space 6656K, 0% used [0x00000000ed200000,0x00000000ed200000,0x00000000ed880000)
 ParOldGen       total 32256K, used 8620K [0x00000000c1600000, 0x00000000c3580000, 0x00000000eb200000)
  object space 32256K, 26% used [0x00000000c1600000,0x00000000c1e6b0d0,0x00000000c3580000)
 Metaspace       used 23378K, capacity 23626K, committed 23936K, reserved 1069056K
  class space    used 3279K, capacity 3387K, committed 3456K, reserved 1048576K
Event: 32.428 GC heap after
Heap after GC invocations=10 (full 1):
 PSYoungGen      total 39424K, used 3453K [0x00000000eb200000, 0x00000000ef000000, 0x0000000100000000)
  eden space 32768K, 0% used [0x00000000eb200000,0x00000000eb200000,0x00000000ed200000)
  from space 6656K, 51% used [0x00000000ed200000,0x00000000ed55f608,0x00000000ed880000)
  to   space 6656K, 0% used [0x00000000ee980000,0x00000000ee980000,0x00000000ef000000)
 ParOldGen       total 32256K, used 8628K [0x00000000c1600000, 0x00000000c3580000, 0x00000000eb200000)
  object space 32256K, 26% used [0x00000000c1600000,0x00000000c1e6d0d0,0x00000000c3580000)
 Metaspace       used 23378K, capacity 23626K, committed 23936K, reserved 1069056K
  class space    used 3279K, capacity 3387K, committed 3456K, reserved 1048576K
}
Event: 33.484 GC heap before
{Heap before GC invocations=11 (full 1):
 PSYoungGen      total 39424K, used 36221K [0x00000000eb200000, 0x00000000ef000000, 0x0000000100000000)
  eden space 32768K, 100% used [0x00000000eb200000,0x00000000ed200000,0x00000000ed200000)
  from space 6656K, 51% used [0x00000000ed200000,0x00000000ed55f608,0x00000000ed880000)
  to   space 6656K, 0% used [0x00000000ee980000,0x00000000ee980000,0x00000000ef000000)
 ParOldGen       total 32256K, used 8628K [0x00000000c1600000, 0x00000000c3580000, 0x00000000eb200000)
  object space 32256K, 26% used [0x00000000c1600000,0x00000000c1e6d0d0,0x00000000c3580000)
 Metaspace       used 26620K, capacity 27088K, committed 27520K, reserved 1073152K
  class space    used 3718K, capacity 3886K, committed 3968K, reserved 1048576K
Event: 33.491 GC heap after
Heap after GC invocations=11 (full 1):
 PSYoungGen      total 54784K, used 4202K [0x00000000eb200000, 0x00000000eee80000, 0x0000000100000000)
  eden space 49664K, 0% used [0x00000000eb200000,0x00000000eb200000,0x00000000ee280000)
  from space 5120K, 82% used [0x00000000ee980000,0x00000000eed9a9a0,0x00000000eee80000)
  to   space 6144K, 0% used [0x00000000ee280000,0x00000000ee280000,0x00000000ee880000)
 ParOldGen       total 32256K, used 8636K [0x00000000c1600000, 0x00000000c3580000, 0x00000000eb200000)
  object space 32256K, 26% used [0x00000000c1600000,0x00000000c1e6f0d0,0x00000000c3580000)
 Metaspace       used 26620K, capacity 27088K, committed 27520K, reserved 1073152K
  class space    used 3718K, capacity 3886K, committed 3968K, reserved 1048576K
}
Event: 40.341 GC heap before
{Heap before GC invocations=12 (full 1):
 PSYoungGen      total 54784K, used 53866K [0x00000000eb200000, 0x00000000eee80000, 0x0000000100000000)
  eden space 49664K, 100% used [0x00000000eb200000,0x00000000ee280000,0x00000000ee280000)
  from space 5120K, 82% used [0x00000000ee980000,0x00000000eed9a9a0,0x00000000eee80000)
  to   space 6144K, 0% used [0x00000000ee280000,0x00000000ee280000,0x00000000ee880000)
 ParOldGen       total 32256K, used 8636K [0x00000000c1600000, 0x00000000c3580000, 0x00000000eb200000)
  object space 32256K, 26% used [0x00000000c1600000,0x00000000c1e6f0d0,0x00000000c3580000)
 Metaspace       used 29746K, capacity 30226K, committed 30720K, reserved 1075200K
  class space    used 4084K, capacity 4250K, committed 4352K, reserved 1048576K
Event: 40.378 GC heap after
Heap after GC invocations=12 (full 1):
 PSYoungGen      total 55808K, used 4716K [0x00000000eb200000, 0x00000000eee80000, 0x0000000100000000)
  eden space 49664K, 0% used [0x00000000eb200000,0x00000000eb200000,0x00000000ee280000)
  from space 6144K, 76% used [0x00000000ee280000,0x00000000ee71b0f0,0x00000000ee880000)
  to   space 5120K, 0% used [0x00000000ee980000,0x00000000ee980000,0x00000000eee80000)
 ParOldGen       total 32256K, used 10576K [0x00000000c1600000, 0x00000000c3580000, 0x00000000eb200000)
  object space 32256K, 32% used [0x00000000c1600000,0x00000000c20540f0,0x00000000c3580000)
 Metaspace       used 29746K, capacity 30226K, committed 30720K, reserved 1075200K
  class space    used 4084K, capacity 4250K, committed 4352K, reserved 1048576K
}

Deoptimization events (10 events):
Event: 39.451 Thread 0x0000000002c91000 Uncommon trap: reason=bimorphic action=maybe_recompile pc=0x00000000034612a0 method=java.lang.ClassLoader.getPackage(Ljava/lang/String;)Ljava/lang/Package; @ 47
Event: 39.481 Thread 0x0000000002c91000 Uncommon trap: reason=bimorphic action=maybe_recompile pc=0x00000000034612a0 method=java.lang.ClassLoader.getPackage(Ljava/lang/String;)Ljava/lang/Package; @ 47
Event: 39.492 Thread 0x0000000002c91000 Uncommon trap: reason=bimorphic action=maybe_recompile pc=0x00000000034aef0c method=java.lang.ClassLoader.getPackage(Ljava/lang/String;)Ljava/lang/Package; @ 47
Event: 39.998 Thread 0x0000000002c91000 Uncommon trap: reason=class_check action=maybe_recompile pc=0x00000000036bb3a8 method=java.security.MessageDigest$Delegate.engineUpdate([BII)V @ 7
Event: 40.311 Thread 0x0000000002c91000 Uncommon trap: reason=class_check action=maybe_recompile pc=0x00000000036bb3a8 method=java.security.MessageDigest$Delegate.engineUpdate([BII)V @ 7
Event: 40.311 Thread 0x0000000002c91000 Uncommon trap: reason=class_check action=maybe_recompile pc=0x00000000036bb3a8 method=java.security.MessageDigest$Delegate.engineUpdate([BII)V @ 7
Event: 41.144 Thread 0x0000000002c91000 Uncommon trap: reason=unstable_if action=reinterpret pc=0x00000000031a3fdc method=java.util.HashMap.putVal(ILjava/lang/Object;Ljava/lang/Object;ZZ)Ljava/lang/Object; @ 162
Event: 41.144 Thread 0x0000000002c91000 Uncommon trap: reason=unstable_if action=reinterpret pc=0x00000000031a170c method=java.util.HashMap.putVal(ILjava/lang/Object;Ljava/lang/Object;ZZ)Ljava/lang/Object; @ 162
Event: 41.144 Thread 0x0000000002c91000 Uncommon trap: reason=unstable_if action=reinterpret pc=0x000000000301a2f0 method=java.util.HashMap.putVal(ILjava/lang/Object;Ljava/lang/Object;ZZ)Ljava/lang/Object; @ 162
Event: 41.145 Thread 0x0000000002c91000 Uncommon trap: reason=unstable_if action=reinterpret pc=0x000000000316c8d4 method=java.util.HashMap.resize()[Ljava/util/HashMap$Node; @ 206

Internal exceptions (10 events):
Event: 39.407 Thread 0x0000000002c91000 Exception <a 'java/lang/ClassNotFoundException': build_9ccwqtj6mocrz9fke0wjli44qBeanInfo> (0x00000000ed24a518) thrown at [C:\re\workspace\8-2-build-windows-amd64-cygwin\jdk8u131\8869\hotspot\src\share\vm\classfile\systemDictionary.cpp, line 210]
Event: 39.408 Thread 0x0000000002c91000 Exception <a 'java/lang/ClassNotFoundException': build_9ccwqtj6mocrz9fke0wjli44qCustomizer> (0x00000000ed258f50) thrown at [C:\re\workspace\8-2-build-windows-amd64-cygwin\jdk8u131\8869\hotspot\src\share\vm\classfile\systemDictionary.cpp, line 210]
Event: 39.423 Thread 0x0000000002c91000 Exception <a 'java/lang/ClassNotFoundException': org/gradle/api/internal/plugins/DefaultObjectConfigurationActionBeanInfo> (0x00000000ed2acb58) thrown at [C:\re\workspace\8-2-build-windows-amd64-cygwin\jdk8u131\8869\hotspot\src\share\vm\classfile\systemDi
Event: 39.426 Thread 0x0000000002c91000 Exception <a 'java/lang/ClassNotFoundException': org/gradle/api/internal/plugins/DefaultObjectConfigurationActionCustomizer> (0x00000000ed2d8710) thrown at [C:\re\workspace\8-2-build-windows-amd64-cygwin\jdk8u131\8869\hotspot\src\share\vm\classfile\system
Event: 39.430 Thread 0x0000000002c91000 Exception <a 'java/lang/ClassNotFoundException': org/gradle/api/plugins/ObjectConfigurationActionBeanInfo> (0x00000000ed3123b8) thrown at [C:\re\workspace\8-2-build-windows-amd64-cygwin\jdk8u131\8869\hotspot\src\share\vm\classfile\systemDictionary.cpp, li
Event: 39.433 Thread 0x0000000002c91000 Exception <a 'java/lang/ClassNotFoundException': org/gradle/api/plugins/ObjectConfigurationActionCustomizer> (0x00000000ed337140) thrown at [C:\re\workspace\8-2-build-windows-amd64-cygwin\jdk8u131\8869\hotspot\src\share\vm\classfile\systemDictionary.cpp, 
Event: 40.697 Thread 0x0000000002c91000 Exception <a 'java/lang/ClassNotFoundException': org/gradle/api/plugins/BasePluginConventionBeanInfo> (0x00000000eb8854d8) thrown at [C:\re\workspace\8-2-build-windows-amd64-cygwin\jdk8u131\8869\hotspot\src\share\vm\classfile\systemDictionary.cpp, line 21
Event: 40.700 Thread 0x0000000002c91000 Exception <a 'java/lang/ClassNotFoundException': org/gradle/api/plugins/BasePluginConventionCustomizer> (0x00000000eb8b7210) thrown at [C:\re\workspace\8-2-build-windows-amd64-cygwin\jdk8u131\8869\hotspot\src\share\vm\classfile\systemDictionary.cpp, line 
Event: 41.658 Thread 0x0000000002c91000 Exception <a 'java/lang/ClassNotFoundException': org/gradle/api/plugins/JavaPluginConventionBeanInfo> (0x00000000edafd4b0) thrown at [C:\re\workspace\8-2-build-windows-amd64-cygwin\jdk8u131\8869\hotspot\src\share\vm\classfile\systemDictionary.cpp, line 21
Event: 41.660 Thread 0x0000000002c91000 Exception <a 'java/lang/ClassNotFoundException': org/gradle/api/plugins/JavaPluginConventionCustomizer> (0x00000000edb2f1e8) thrown at [C:\re\workspace\8-2-build-windows-amd64-cygwin\jdk8u131\8869\hotspot\src\share\vm\classfile\systemDictionary.cpp, line 

Events (10 events):
Event: 41.804 loading class com/android/build/gradle/internal/dsl/BuildTypeFactory
Event: 41.804 loading class com/android/build/gradle/internal/dsl/BuildTypeFactory done
Event: 41.805 loading class org/gradle/api/internal/FactoryNamedDomainObjectContainer
Event: 41.805 loading class org/gradle/api/internal/FactoryNamedDomainObjectContainer done
Event: 41.806 loading class org/gradle/api/internal/DynamicPropertyNamer
Event: 41.806 loading class org/gradle/api/internal/DynamicPropertyNamer done
Event: 41.807 loading class org/gradle/api/internal/NoNamingPropertyException
Event: 41.807 loading class org/gradle/api/internal/NoNamingPropertyException done
Event: 41.808 loading class org/gradle/api/internal/NullNamingPropertyException
Event: 41.808 loading class org/gradle/api/internal/NullNamingPropertyException done


Dynamic libraries:
0x00007ff6df000000 - 0x00007ff6df037000 	C:\Program Files\Java\jdk1.8.0_131\bin\java.exe
0x00007ffbaf190000 - 0x00007ffbaf361000 	C:\WINDOWS\SYSTEM32\ntdll.dll
0x00007ffbae990000 - 0x00007ffbaea3c000 	C:\WINDOWS\System32\KERNEL32.DLL
0x00007ffbac2a0000 - 0x00007ffbac4bd000 	C:\WINDOWS\System32\KERNELBASE.dll
0x00007ffbae080000 - 0x00007ffbae122000 	C:\WINDOWS\System32\ADVAPI32.dll
0x00007ffbaeba0000 - 0x00007ffbaec3e000 	C:\WINDOWS\System32\msvcrt.dll
0x00007ffbaed30000 - 0x00007ffbaed89000 	C:\WINDOWS\System32\sechost.dll
0x00007ffbaf000000 - 0x00007ffbaf121000 	C:\WINDOWS\System32\RPCRT4.dll
0x00007ffbaee30000 - 0x00007ffbaef95000 	C:\WINDOWS\System32\USER32.dll
0x00007ffbac280000 - 0x00007ffbac29e000 	C:\WINDOWS\System32\win32u.dll
0x00007ffbaecf0000 - 0x00007ffbaed24000 	C:\WINDOWS\System32\GDI32.dll
0x00007ffbab7a0000 - 0x00007ffbab922000 	C:\WINDOWS\System32\gdi32full.dll
0x00007ffb9d8a0000 - 0x00007ffb9db1a000 	C:\WINDOWS\WinSxS\amd64_microsoft.windows.common-controls_6595b64144ccf1df_6.0.14393.953_none_42151e83c686086b\COMCTL32.dll
0x00007ffbae640000 - 0x00007ffbae908000 	C:\WINDOWS\System32\combase.dll
0x00007ffbac520000 - 0x00007ffbac615000 	C:\WINDOWS\System32\ucrtbase.dll
0x00007ffbab680000 - 0x00007ffbab6ea000 	C:\WINDOWS\System32\bcryptPrimitives.dll
0x00007ffbaee00000 - 0x00007ffbaee2e000 	C:\WINDOWS\System32\IMM32.DLL
0x0000000071dd0000 - 0x0000000071ea2000 	C:\Program Files\Java\jdk1.8.0_131\jre\bin\msvcr100.dll
0x0000000071530000 - 0x0000000071dcc000 	C:\Program Files\Java\jdk1.8.0_131\jre\bin\server\jvm.dll
0x00007ffbae980000 - 0x00007ffbae988000 	C:\WINDOWS\System32\PSAPI.DLL
0x00007ffba9ed0000 - 0x00007ffba9ed9000 	C:\WINDOWS\SYSTEM32\WSOCK32.dll
0x00007ffba8fb0000 - 0x00007ffba8fd3000 	C:\WINDOWS\SYSTEM32\WINMM.dll
0x00007ffba9b30000 - 0x00007ffba9b3a000 	C:\WINDOWS\SYSTEM32\VERSION.dll
0x00007ffbae910000 - 0x00007ffbae97a000 	C:\WINDOWS\System32\WS2_32.dll
0x0000000002a90000 - 0x0000000002abb000 	C:\WINDOWS\SYSTEM32\WINMMBASE.dll
0x00007ffbac6d0000 - 0x00007ffbac712000 	C:\WINDOWS\System32\cfgmgr32.dll
0x0000000071520000 - 0x000000007152f000 	C:\Program Files\Java\jdk1.8.0_131\jre\bin\verify.dll
0x00000000714f0000 - 0x0000000071519000 	C:\Program Files\Java\jdk1.8.0_131\jre\bin\java.dll
0x00000000714d0000 - 0x00000000714e6000 	C:\Program Files\Java\jdk1.8.0_131\jre\bin\zip.dll
0x00007ffbacb00000 - 0x00007ffbae008000 	C:\WINDOWS\System32\SHELL32.dll
0x00007ffbab930000 - 0x00007ffbac00a000 	C:\WINDOWS\System32\windows.storage.dll
0x00007ffbab610000 - 0x00007ffbab65c000 	C:\WINDOWS\System32\powrprof.dll
0x00007ffbaefa0000 - 0x00007ffbaeff2000 	C:\WINDOWS\System32\shlwapi.dll
0x00007ffbab670000 - 0x00007ffbab67f000 	C:\WINDOWS\System32\kernel.appcore.dll
0x00007ffbab6f0000 - 0x00007ffbab799000 	C:\WINDOWS\System32\shcore.dll
0x00007ffbab5f0000 - 0x00007ffbab604000 	C:\WINDOWS\System32\profapi.dll
0x00000000714b0000 - 0x00000000714ca000 	C:\Program Files\Java\jdk1.8.0_131\jre\bin\net.dll
0x00007ffbaabc0000 - 0x00007ffbaac1c000 	C:\WINDOWS\system32\mswsock.dll
0x0000000071490000 - 0x00000000714a1000 	C:\Program Files\Java\jdk1.8.0_131\jre\bin\nio.dll
0x00007ffb94890000 - 0x00007ffb948a2000 	C:\Users\vijaya\.gradle\native\19\windows-amd64\native-platform.dll
0x0000000180000000 - 0x0000000180037000 	C:\Users\vijaya\.gradle\native\jna\win32-amd64\jnidispatch.dll
0x00007ffbab190000 - 0x00007ffbab1a7000 	C:\WINDOWS\SYSTEM32\CRYPTSP.dll
0x00007ffbaa7c0000 - 0x00007ffbaa7f3000 	C:\WINDOWS\system32\rsaenh.dll
0x00007ffbab530000 - 0x00007ffbab55b000 	C:\WINDOWS\SYSTEM32\bcrypt.dll
0x00007ffbaaa40000 - 0x00007ffbaaa5f000 	C:\WINDOWS\SYSTEM32\USERENV.dll
0x00007ffbab520000 - 0x00007ffbab52b000 	C:\WINDOWS\SYSTEM32\CRYPTBASE.dll
0x00007ffbaa940000 - 0x00007ffbaa978000 	C:\WINDOWS\SYSTEM32\IPHLPAPI.DLL
0x00007ffbaedf0000 - 0x00007ffbaedf8000 	C:\WINDOWS\System32\NSI.dll
0x00007ffba19e0000 - 0x00007ffba19f6000 	C:\WINDOWS\SYSTEM32\dhcpcsvc6.DLL
0x00007ffba19c0000 - 0x00007ffba19da000 	C:\WINDOWS\SYSTEM32\dhcpcsvc.DLL
0x0000000071480000 - 0x000000007148d000 	C:\Program Files\Java\jdk1.8.0_131\jre\bin\management.dll

VM Arguments:
jvm_args: -Dorg.gradle.appname=gradlew 
java_command: org.gradle.wrapper.GradleWrapperMain installDebug
java_class_path (initial): c:\rnhelloworld\android\\gradle\wrapper\gradle-wrapper.jar
Launcher Type: SUN_STANDARD

Environment Variables:
JAVA_HOME=C:\Program Files\Java\jdk1.8.0_131
CLASSPATH=c:\rnhelloworld\android\\gradle\wrapper\gradle-wrapper.jar
PATH=C:\Python27\;C:\Python27\Scripts;C:\Program Files\Dell\DW WLAN Card;;C:\Python27;C:\Program Files (x86)\Intel\iCLS Client\;C:\Program Files\Intel\iCLS Client\;C:\WINDOWS\system32;C:\WINDOWS;C:\WINDOWS\System32\Wbem;C:\WINDOWS\System32\WindowsPowerShell\v1.0\;C:\Program Files\WIDCOMM\Bluetooth Software\;C:\Program Files\WIDCOMM\Bluetooth Software\syswow64;C:\Program Files\Intel\Intel(R) Management Engine Components\DAL;C:\Program Files (x86)\Intel\Intel(R) Management Engine Components\DAL;C:\Program Files\Intel\Intel(R) Management Engine Components\IPT;C:\Program Files (x86)\Intel\Intel(R) Management Engine Components\IPT;C:\Program Files (x86)\Git\cmd;C:\Program Files (x86)\Git\bin;C:\ProgramData\chocolatey\bin;C:\Program Files\nodejs\;C:\Program Files\Java\jdk1.8.0_131\bin;C:\Users\vijaya\AppData\Local\Microsoft\WindowsApps;;c:\Users\vijaya\AppData\Roaming\npm
USERNAME=vijaya
OS=Windows_NT
PROCESSOR_IDENTIFIER=Intel64 Family 6 Model 61 Stepping 4, GenuineIntel



---------------  S Y S T E M  ---------------

OS: Windows 10.0 , 64 bit Build 14393 (10.0.14393.1198)

CPU:total 4 (initial active 4) (2 cores per cpu, 2 threads per core) family 6 model 61 stepping 4, cmov, cx8, fxsr, mmx, sse, sse2, sse3, ssse3, sse4.1, sse4.2, popcnt, avx, avx2, aes, clmul, erms, 3dnowpref, lzcnt, ht, tsc, tscinvbit, bmi1, bmi2, adx

Memory: 4k page, physical 4096808k(499512k free), swap 7459140k(1300k free)

vm_info: Java HotSpot(TM) 64-Bit Server VM (25.131-b11) for windows-amd64 JRE (1.8.0_131-b11), built on Mar 15 2017 01:23:53 by "java_re" with MS VC++ 10.0 (VS2010)

time: Thu Jun 01 12:32:42 2017
elapsed time: 41 seconds (0d 0h 0m 41s)

